<?xml version="1.0" encoding="UTF-8"?>
<!-- Generated by org.testng.reporters.JUnitXMLReporter -->
<testsuite hostname="DESKTOP-D27K3HP" ignored="0" name="Default test" tests="9" failures="0" timestamp="27 May 2023 23:25:15 GMT" time="78.177" errors="0">
  <testcase name="BahrainCheckPackageCurrencyScenario" time="0.538" classname="testPackage.BahrainTestScenarios"/>
  <testcase name="BahrainCheckPackageNameScenario" time="0.466" classname="testPackage.BahrainTestScenarios"/>
  <testcase name="BahrainCheckPackagePriceScenario" time="0.352" classname="testPackage.BahrainTestScenarios"/>
  <testcase name="KuwaitCheckPackageCurrencyScenario" time="1.32" classname="testPackage.KuwaitTestScenarios"/>
  <testcase name="KuwaitCheckPackageNameScenario" time="0.899" classname="testPackage.KuwaitTestScenarios"/>
  <testcase name="KuwaitCheckPackagePriceScenario" time="2.155" classname="testPackage.KuwaitTestScenarios"/>
  <testcase name="SaudiCheckPackageCurrencyScenario" time="0.422" classname="testPackage.SaudiTestScenarios"/>
  <testcase name="SaudiCheckPackageNameScenario" time="0.581" classname="testPackage.SaudiTestScenarios"/>
  <testcase name="SaudiCheckPackagePriceScenario" time="0.424" classname="testPackage.SaudiTestScenarios"/>
</testsuite> <!-- Default test -->
